# JRE version: OpenJDK Runtime Environment Temurin-21.0.6+7 (21.0.6+7) (build 21.0.6+7-LTS)
# Java VM: OpenJDK 64-Bit Server VM Temurin-21.0.6+7 (21.0.6+7-LTS, mixed mode, sharing, tiered, compressed oops, compressed class ptrs, parallel gc, windows-amd64)
GC Precious Log:
 CardTable entry size: 512
 CPUs: 4 total, 4 available
 Memory: 8106M
 Large Page Support: Disabled
 NUMA Support: Disabled
 Compressed Oops: Enabled (32-bit)
 Alignments: Space 512K, Generation 512K, Heap 2M
 Heap Min Capacity: 100M
 Heap Initial Capacity: 100M
 Heap Max Capacity: 1G
 Pre-touch: Disabled
 Parallel Workers: 4
Heap:
 PSYoungGen      total 2560K, used 538K [0x00000000eab00000, 0x00000000eaf00000, 0x0000000100000000)
  eden space 2048K, 2% used [0x00000000eab00000,0x00000000eab0a970,0x00000000ead00000)
  from space 512K, 96% used [0x00000000ead80000,0x00000000eadfc268,0x00000000eae00000)
  to   space 1024K, 0% used [0x00000000eae00000,0x00000000eae00000,0x00000000eaf00000)
 ParOldGen       total 207360K, used 207070K [0x00000000c0000000, 0x00000000cca80000, 0x00000000eab00000)
  object space 207360K, 99% used [0x00000000c0000000,0x00000000cca37af0,0x00000000cca80000)
 Metaspace       used 63102K, committed 64384K, reserved 1114112K
  class space    used 6282K, committed 6848K, reserved 1048576K
GC Heap History (20 events):
Event: 54.463 GC heap before
{Heap before GC invocations=245 (full 3):
 PSYoungGen      total 3072K, used 2598K [0x00000000eab00000, 0x00000000eaf00000, 0x0000000100000000)
  eden space 2048K, 100% used [0x00000000eab00000,0x00000000ead00000,0x00000000ead00000)
  from space 1024K, 53% used [0x00000000ead00000,0x00000000ead899a8,0x00000000eae00000)
  to   space 1024K, 0% used [0x00000000eae00000,0x00000000eae00000,0x00000000eaf00000)
 ParOldGen       total 201728K, used 201530K [0x00000000c0000000, 0x00000000cc500000, 0x00000000eab00000)
  object space 201728K, 99% used [0x00000000c0000000,0x00000000cc4ce900,0x00000000cc500000)
 Metaspace       used 63099K, committed 64384K, reserved 1114112K
  class space    used 6282K, committed 6848K, reserved 1048576K
}
Event: 54.464 GC heap after
{Heap after GC invocations=245 (full 3):
 PSYoungGen      total 3072K, used 556K [0x00000000eab00000, 0x00000000eaf00000, 0x0000000100000000)
  eden space 2048K, 0% used [0x00000000eab00000,0x00000000eab00000,0x00000000ead00000)
  from space 1024K, 54% used [0x00000000eae00000,0x00000000eae8b3d0,0x00000000eaf00000)
  to   space 1024K, 0% used [0x00000000ead00000,0x00000000ead00000,0x00000000eae00000)
 ParOldGen       total 202240K, used 202062K [0x00000000c0000000, 0x00000000cc580000, 0x00000000eab00000)
  object space 202240K, 99% used [0x00000000c0000000,0x00000000cc5538b0,0x00000000cc580000)
 Metaspace       used 63099K, committed 64384K, reserved 1114112K
  class space    used 6282K, committed 6848K, reserved 1048576K
}
Event: 54.553 GC heap before
{Heap before GC invocations=246 (full 3):
 PSYoungGen      total 3072K, used 2604K [0x00000000eab00000, 0x00000000eaf00000, 0x0000000100000000)
  eden space 2048K, 100% used [0x00000000eab00000,0x00000000ead00000,0x00000000ead00000)
  from space 1024K, 54% used [0x00000000eae00000,0x00000000eae8b3d0,0x00000000eaf00000)
  to   space 1024K, 0% used [0x00000000ead00000,0x00000000ead00000,0x00000000eae00000)
 ParOldGen       total 202240K, used 202062K [0x00000000c0000000, 0x00000000cc580000, 0x00000000eab00000)
  object space 202240K, 99% used [0x00000000c0000000,0x00000000cc5538b0,0x00000000cc580000)
 Metaspace       used 63099K, committed 64384K, reserved 1114112K
  class space    used 6282K, committed 6848K, reserved 1048576K
}
Event: 54.555 GC heap after
{Heap after GC invocations=246 (full 3):
 PSYoungGen      total 3072K, used 512K [0x00000000eab00000, 0x00000000eaf00000, 0x0000000100000000)
  eden space 2048K, 0% used [0x00000000eab00000,0x00000000eab00000,0x00000000ead00000)
  from space 1024K, 50% used [0x00000000ead00000,0x00000000ead80000,0x00000000eae00000)
  to   space 1024K, 0% used [0x00000000eae00000,0x00000000eae00000,0x00000000eaf00000)
 ParOldGen       total 202752K, used 202580K [0x00000000c0000000, 0x00000000cc600000, 0x00000000eab00000)
  object space 202752K, 99% used [0x00000000c0000000,0x00000000cc5d50b8,0x00000000cc600000)
 Metaspace       used 63099K, committed 64384K, reserved 1114112K
  class space    used 6282K, committed 6848K, reserved 1048576K
}
Event: 54.789 GC heap before
{Heap before GC invocations=247 (full 3):
 PSYoungGen      total 3072K, used 2560K [0x00000000eab00000, 0x00000000eaf00000, 0x0000000100000000)
  eden space 2048K, 100% used [0x00000000eab00000,0x00000000ead00000,0x00000000ead00000)
  from space 1024K, 50% used [0x00000000ead00000,0x00000000ead80000,0x00000000eae00000)
  to   space 1024K, 0% used [0x00000000eae00000,0x00000000eae00000,0x00000000eaf00000)
 ParOldGen       total 202752K, used 202580K [0x00000000c0000000, 0x00000000cc600000, 0x00000000eab00000)
  object space 202752K, 99% used [0x00000000c0000000,0x00000000cc5d50b8,0x00000000cc600000)
 Metaspace       used 63099K, committed 64384K, reserved 1114112K
  class space    used 6282K, committed 6848K, reserved 1048576K
}
Event: 54.790 GC heap after
{Heap after GC invocations=247 (full 3):
 PSYoungGen      total 2560K, used 480K [0x00000000eab00000, 0x00000000eae80000, 0x0000000100000000)
  eden space 2048K, 0% used [0x00000000eab00000,0x00000000eab00000,0x00000000ead00000)
  from space 512K, 93% used [0x00000000eae00000,0x00000000eae78000,0x00000000eae80000)
  to   space 512K, 0% used [0x00000000ead80000,0x00000000ead80000,0x00000000eae00000)
 ParOldGen       total 203264K, used 203050K [0x00000000c0000000, 0x00000000cc680000, 0x00000000eab00000)
  object space 203264K, 99% used [0x00000000c0000000,0x00000000cc64aac0,0x00000000cc680000)
 Metaspace       used 63099K, committed 64384K, reserved 1114112K
  class space    used 6282K, committed 6848K, reserved 1048576K
}
Event: 54.821 GC heap before
{Heap before GC invocations=248 (full 3):
 PSYoungGen      total 2560K, used 2527K [0x00000000eab00000, 0x00000000eae80000, 0x0000000100000000)
  eden space 2048K, 99% used [0x00000000eab00000,0x00000000eacffee8,0x00000000ead00000)
  from space 512K, 93% used [0x00000000eae00000,0x00000000eae78000,0x00000000eae80000)
  to   space 512K, 0% used [0x00000000ead80000,0x00000000ead80000,0x00000000eae00000)
 ParOldGen       total 203264K, used 203050K [0x00000000c0000000, 0x00000000cc680000, 0x00000000eab00000)
  object space 203264K, 99% used [0x00000000c0000000,0x00000000cc64aac0,0x00000000cc680000)
 Metaspace       used 63099K, committed 64384K, reserved 1114112K
  class space    used 6282K, committed 6848K, reserved 1048576K
}
Event: 54.823 GC heap after
{Heap after GC invocations=248 (full 3):
 PSYoungGen      total 2560K, used 505K [0x00000000eab00000, 0x00000000eb000000, 0x0000000100000000)
  eden space 2048K, 0% used [0x00000000eab00000,0x00000000eab00000,0x00000000ead00000)
  from space 512K, 98% used [0x00000000ead80000,0x00000000eadfe7b0,0x00000000eae00000)
  to   space 1536K, 0% used [0x00000000eae80000,0x00000000eae80000,0x00000000eb000000)
 ParOldGen       total 203776K, used 203533K [0x00000000c0000000, 0x00000000cc700000, 0x00000000eab00000)
  object space 203776K, 99% used [0x00000000c0000000,0x00000000cc6c3470,0x00000000cc700000)
 Metaspace       used 63099K, committed 64384K, reserved 1114112K
  class space    used 6282K, committed 6848K, reserved 1048576K
}
Event: 56.120 GC heap before
{Heap before GC invocations=249 (full 3):
 PSYoungGen      total 2560K, used 2553K [0x00000000eab00000, 0x00000000eb000000, 0x0000000100000000)
  eden space 2048K, 100% used [0x00000000eab00000,0x00000000ead00000,0x00000000ead00000)
  from space 512K, 98% used [0x00000000ead80000,0x00000000eadfe7b0,0x00000000eae00000)
  to   space 1536K, 0% used [0x00000000eae80000,0x00000000eae80000,0x00000000eb000000)
 ParOldGen       total 203776K, used 203533K [0x00000000c0000000, 0x00000000cc700000, 0x00000000eab00000)
  object space 203776K, 99% used [0x00000000c0000000,0x00000000cc6c3470,0x00000000cc700000)
 Metaspace       used 63099K, committed 64384K, reserved 1114112K
  class space    used 6282K, committed 6848K, reserved 1048576K
}
Event: 56.121 GC heap after
{Heap after GC invocations=249 (full 3):
 PSYoungGen      total 3072K, used 552K [0x00000000eab00000, 0x00000000eaf80000, 0x0000000100000000)
  eden space 2048K, 0% used [0x00000000eab00000,0x00000000eab00000,0x00000000ead00000)
  from space 1024K, 53% used [0x00000000eae80000,0x00000000eaf0a020,0x00000000eaf80000)
  to   space 1024K, 0% used [0x00000000ead80000,0x00000000ead80000,0x00000000eae80000)
 ParOldGen       total 204288K, used 204031K [0x00000000c0000000, 0x00000000cc780000, 0x00000000eab00000)
  object space 204288K, 99% used [0x00000000c0000000,0x00000000cc73fc58,0x00000000cc780000)
 Metaspace       used 63099K, committed 64384K, reserved 1114112K
  class space    used 6282K, committed 6848K, reserved 1048576K
}
Event: 56.176 GC heap before
{Heap before GC invocations=250 (full 3):
 PSYoungGen      total 3072K, used 2600K [0x00000000eab00000, 0x00000000eaf80000, 0x0000000100000000)
  eden space 2048K, 100% used [0x00000000eab00000,0x00000000ead00000,0x00000000ead00000)
  from space 1024K, 53% used [0x00000000eae80000,0x00000000eaf0a020,0x00000000eaf80000)
  to   space 1024K, 0% used [0x00000000ead80000,0x00000000ead80000,0x00000000eae80000)
 ParOldGen       total 204288K, used 204031K [0x00000000c0000000, 0x00000000cc780000, 0x00000000eab00000)
  object space 204288K, 99% used [0x00000000c0000000,0x00000000cc73fc58,0x00000000cc780000)
 Metaspace       used 63102K, committed 64384K, reserved 1114112K
  class space    used 6282K, committed 6848K, reserved 1048576K
}
Event: 56.179 GC heap after
{Heap after GC invocations=250 (full 3):
 PSYoungGen      total 2560K, used 512K [0x00000000eab00000, 0x00000000eaf00000, 0x0000000100000000)
  eden space 2048K, 0% used [0x00000000eab00000,0x00000000eab00000,0x00000000ead00000)
  from space 512K, 100% used [0x00000000ead80000,0x00000000eae00000,0x00000000eae00000)
  to   space 1024K, 0% used [0x00000000eae00000,0x00000000eae00000,0x00000000eaf00000)
 ParOldGen       total 204800K, used 204548K [0x00000000c0000000, 0x00000000cc800000, 0x00000000eab00000)
  object space 204800K, 99% used [0x00000000c0000000,0x00000000cc7c1358,0x00000000cc800000)
 Metaspace       used 63102K, committed 64384K, reserved 1114112K
  class space    used 6282K, committed 6848K, reserved 1048576K
}
Event: 56.296 GC heap before
{Heap before GC invocations=251 (full 3):
 PSYoungGen      total 2560K, used 2560K [0x00000000eab00000, 0x00000000eaf00000, 0x0000000100000000)
  eden space 2048K, 100% used [0x00000000eab00000,0x00000000ead00000,0x00000000ead00000)
  from space 512K, 100% used [0x00000000ead80000,0x00000000eae00000,0x00000000eae00000)
  to   space 1024K, 0% used [0x00000000eae00000,0x00000000eae00000,0x00000000eaf00000)
 ParOldGen       total 204800K, used 204548K [0x00000000c0000000, 0x00000000cc800000, 0x00000000eab00000)
  object space 204800K, 99% used [0x00000000c0000000,0x00000000cc7c1358,0x00000000cc800000)
 Metaspace       used 63102K, committed 64384K, reserved 1114112K
  class space    used 6282K, committed 6848K, reserved 1048576K
}
Event: 56.297 GC heap after
{Heap after GC invocations=251 (full 3):
 PSYoungGen      total 3072K, used 544K [0x00000000eab00000, 0x00000000eaf00000, 0x0000000100000000)
  eden space 2048K, 0% used [0x00000000eab00000,0x00000000eab00000,0x00000000ead00000)
  from space 1024K, 53% used [0x00000000eae00000,0x00000000eae88000,0x00000000eaf00000)
  to   space 1024K, 0% used [0x00000000ead00000,0x00000000ead00000,0x00000000eae00000)
 ParOldGen       total 205312K, used 205015K [0x00000000c0000000, 0x00000000cc880000, 0x00000000eab00000)
  object space 205312K, 99% used [0x00000000c0000000,0x00000000cc835eb8,0x00000000cc880000)
 Metaspace       used 63102K, committed 64384K, reserved 1114112K
  class space    used 6282K, committed 6848K, reserved 1048576K
}
Event: 57.555 GC heap before
{Heap before GC invocations=252 (full 3):
 PSYoungGen      total 3072K, used 2071K [0x00000000eab00000, 0x00000000eaf00000, 0x0000000100000000)
  eden space 2048K, 74% used [0x00000000eab00000,0x00000000eac7de28,0x00000000ead00000)
  from space 1024K, 53% used [0x00000000eae00000,0x00000000eae88000,0x00000000eaf00000)
  to   space 1024K, 0% used [0x00000000ead00000,0x00000000ead00000,0x00000000eae00000)
 ParOldGen       total 205312K, used 205015K [0x00000000c0000000, 0x00000000cc880000, 0x00000000eab00000)
  object space 205312K, 99% used [0x00000000c0000000,0x00000000cc835eb8,0x00000000cc880000)
 Metaspace       used 63102K, committed 64384K, reserved 1114112K
  class space    used 6282K, committed 6848K, reserved 1048576K
}
Event: 57.556 GC heap after
{Heap after GC invocations=252 (full 3):
 PSYoungGen      total 3072K, used 448K [0x00000000eab00000, 0x00000000eae80000, 0x0000000100000000)
  eden space 2048K, 0% used [0x00000000eab00000,0x00000000eab00000,0x00000000ead00000)
  from space 1024K, 43% used [0x00000000ead00000,0x00000000ead70000,0x00000000eae00000)
  to   space 512K, 0% used [0x00000000eae00000,0x00000000eae00000,0x00000000eae80000)
 ParOldGen       total 205824K, used 205489K [0x00000000c0000000, 0x00000000cc900000, 0x00000000eab00000)
  object space 205824K, 99% used [0x00000000c0000000,0x00000000cc8ac778,0x00000000cc900000)
 Metaspace       used 63102K, committed 64384K, reserved 1114112K
  class space    used 6282K, committed 6848K, reserved 1048576K
}
Event: 57.671 GC heap before
{Heap before GC invocations=253 (full 3):
 PSYoungGen      total 3072K, used 2494K [0x00000000eab00000, 0x00000000eae80000, 0x0000000100000000)
  eden space 2048K, 99% used [0x00000000eab00000,0x00000000eacff838,0x00000000ead00000)
  from space 1024K, 43% used [0x00000000ead00000,0x00000000ead70000,0x00000000eae00000)
  to   space 512K, 0% used [0x00000000eae00000,0x00000000eae00000,0x00000000eae80000)
 ParOldGen       total 205824K, used 205489K [0x00000000c0000000, 0x00000000cc900000, 0x00000000eab00000)
  object space 205824K, 99% used [0x00000000c0000000,0x00000000cc8ac778,0x00000000cc900000)
 Metaspace       used 63102K, committed 64384K, reserved 1114112K
  class space    used 6282K, committed 6848K, reserved 1048576K
}
Event: 57.674 GC heap after
{Heap after GC invocations=253 (full 3):
 PSYoungGen      total 2560K, used 348K [0x00000000eab00000, 0x00000000eae80000, 0x0000000100000000)
  eden space 2048K, 0% used [0x00000000eab00000,0x00000000eab00000,0x00000000ead00000)
  from space 512K, 68% used [0x00000000eae00000,0x00000000eae57270,0x00000000eae80000)
  to   space 512K, 0% used [0x00000000ead80000,0x00000000ead80000,0x00000000eae00000)
 ParOldGen       total 207360K, used 206753K [0x00000000c0000000, 0x00000000cca80000, 0x00000000eab00000)
  object space 207360K, 99% used [0x00000000c0000000,0x00000000cc9e85d8,0x00000000cca80000)
 Metaspace       used 63102K, committed 64384K, reserved 1114112K
  class space    used 6282K, committed 6848K, reserved 1048576K
}
Event: 57.781 GC heap before
{Heap before GC invocations=254 (full 3):
 PSYoungGen      total 2560K, used 2396K [0x00000000eab00000, 0x00000000eae80000, 0x0000000100000000)
  eden space 2048K, 100% used [0x00000000eab00000,0x00000000ead00000,0x00000000ead00000)
  from space 512K, 68% used [0x00000000eae00000,0x00000000eae57270,0x00000000eae80000)
  to   space 512K, 0% used [0x00000000ead80000,0x00000000ead80000,0x00000000eae00000)
 ParOldGen       total 207360K, used 206753K [0x00000000c0000000, 0x00000000cca80000, 0x00000000eab00000)
  object space 207360K, 99% used [0x00000000c0000000,0x00000000cc9e85d8,0x00000000cca80000)
 Metaspace       used 63102K, committed 64384K, reserved 1114112K
  class space    used 6282K, committed 6848K, reserved 1048576K
}
Event: 57.783 GC heap after
{Heap after GC invocations=254 (full 3):
 PSYoungGen      total 2560K, used 496K [0x00000000eab00000, 0x00000000eaf00000, 0x0000000100000000)
  eden space 2048K, 0% used [0x00000000eab00000,0x00000000eab00000,0x00000000ead00000)
  from space 512K, 96% used [0x00000000ead80000,0x00000000eadfc268,0x00000000eae00000)
  to   space 1024K, 0% used [0x00000000eae00000,0x00000000eae00000,0x00000000eaf00000)
 ParOldGen       total 207360K, used 207070K [0x00000000c0000000, 0x00000000cca80000, 0x00000000eab00000)
  object space 207360K, 99% used [0x00000000c0000000,0x00000000cca37af0,0x00000000cca80000)
 Metaspace       used 63102K, committed 64384K, reserved 1114112K
  class space    used 6282K, committed 6848K, reserved 1048576K
}

