# JRE version: OpenJDK Runtime Environment Temurin-21.0.7+6 (21.0.7+6) (build 21.0.7+6-LTS)
# Java VM: OpenJDK 64-Bit Server VM Temurin-21.0.7+6 (21.0.7+6-LTS, mixed mode, sharing, tiered, compressed oops, compressed class ptrs, parallel gc, windows-amd64)
GC Precious Log:
 CardTable entry size: 512
 CPUs: 4 total, 4 available
 Memory: 16298M
 Large Page Support: Disabled
 NUMA Support: Disabled
 Compressed Oops: Enabled (32-bit)
 Alignments: Space 512K, Generation 512K, Heap 2M
 Heap Min Capacity: 100M
 Heap Initial Capacity: 100M
 Heap Max Capacity: 1G
 Pre-touch: Disabled
 Parallel Workers: 4
Heap:
 PSYoungGen      total 12800K, used 6211K [0x00000000eab00000, 0x00000000eba80000, 0x0000000100000000)
  eden space 11776K, 52% used [0x00000000eab00000,0x00000000eb110e28,0x00000000eb680000)
  from space 1024K, 0% used [0x00000000eb700000,0x00000000eb700000,0x00000000eb800000)
  to   space 2048K, 0% used [0x00000000eb880000,0x00000000eb880000,0x00000000eba80000)
 ParOldGen       total 68608K, used 61552K [0x00000000c0000000, 0x00000000c4300000, 0x00000000eab00000)
  object space 68608K, 89% used [0x00000000c0000000,0x00000000c3c1c318,0x00000000c4300000)
 Metaspace       used 59538K, committed 60864K, reserved 1114112K
  class space    used 6257K, committed 6848K, reserved 1048576K
GC Heap History (20 events):
Event: 27.149 GC heap before
{Heap before GC invocations=49 (full 2):
 PSYoungGen      total 14336K, used 14196K [0x00000000eab00000, 0x00000000ebb80000, 0x0000000100000000)
  eden space 12800K, 99% used [0x00000000eab00000,0x00000000eb77ffd8,0x00000000eb780000)
  from space 1536K, 90% used [0x00000000eba00000,0x00000000ebb5d3c8,0x00000000ebb80000)
  to   space 1536K, 0% used [0x00000000eb880000,0x00000000eb880000,0x00000000eba00000)
 ParOldGen       total 68608K, used 61661K [0x00000000c0000000, 0x00000000c4300000, 0x00000000eab00000)
  object space 68608K, 89% used [0x00000000c0000000,0x00000000c3c37440,0x00000000c4300000)
 Metaspace       used 54945K, committed 56256K, reserved 1114112K
  class space    used 5858K, committed 6400K, reserved 1048576K
}
Event: 27.151 GC heap after
{Heap after GC invocations=49 (full 2):
 PSYoungGen      total 14336K, used 1143K [0x00000000eab00000, 0x00000000eba80000, 0x0000000100000000)
  eden space 12800K, 0% used [0x00000000eab00000,0x00000000eab00000,0x00000000eb780000)
  from space 1536K, 74% used [0x00000000eb880000,0x00000000eb99df08,0x00000000eba00000)
  to   space 512K, 0% used [0x00000000eba00000,0x00000000eba00000,0x00000000eba80000)
 ParOldGen       total 68608K, used 63015K [0x00000000c0000000, 0x00000000c4300000, 0x00000000eab00000)
  object space 68608K, 91% used [0x00000000c0000000,0x00000000c3d89eb0,0x00000000c4300000)
 Metaspace       used 54945K, committed 56256K, reserved 1114112K
  class space    used 5858K, committed 6400K, reserved 1048576K
}
Event: 27.663 GC heap before
{Heap before GC invocations=50 (full 2):
 PSYoungGen      total 14336K, used 13943K [0x00000000eab00000, 0x00000000eba80000, 0x0000000100000000)
  eden space 12800K, 100% used [0x00000000eab00000,0x00000000eb780000,0x00000000eb780000)
  from space 1536K, 74% used [0x00000000eb880000,0x00000000eb99df08,0x00000000eba00000)
  to   space 512K, 0% used [0x00000000eba00000,0x00000000eba00000,0x00000000eba80000)
 ParOldGen       total 68608K, used 63015K [0x00000000c0000000, 0x00000000c4300000, 0x00000000eab00000)
  object space 68608K, 91% used [0x00000000c0000000,0x00000000c3d89eb0,0x00000000c4300000)
 Metaspace       used 55427K, committed 56640K, reserved 1114112K
  class space    used 5898K, committed 6464K, reserved 1048576K
}
Event: 27.666 GC heap after
{Heap after GC invocations=50 (full 2):
 PSYoungGen      total 12288K, used 486K [0x00000000eab00000, 0x00000000ebe80000, 0x0000000100000000)
  eden space 11776K, 0% used [0x00000000eab00000,0x00000000eab00000,0x00000000eb680000)
  from space 512K, 94% used [0x00000000eba00000,0x00000000eba79870,0x00000000eba80000)
  to   space 3584K, 0% used [0x00000000eb680000,0x00000000eb680000,0x00000000eba00000)
 ParOldGen       total 68608K, used 65319K [0x00000000c0000000, 0x00000000c4300000, 0x00000000eab00000)
  object space 68608K, 95% used [0x00000000c0000000,0x00000000c3fc9d40,0x00000000c4300000)
 Metaspace       used 55427K, committed 56640K, reserved 1114112K
  class space    used 5898K, committed 6464K, reserved 1048576K
}
Event: 27.841 GC heap before
{Heap before GC invocations=51 (full 2):
 PSYoungGen      total 12288K, used 12262K [0x00000000eab00000, 0x00000000ebe80000, 0x0000000100000000)
  eden space 11776K, 100% used [0x00000000eab00000,0x00000000eb680000,0x00000000eb680000)
  from space 512K, 94% used [0x00000000eba00000,0x00000000eba79870,0x00000000eba80000)
  to   space 3584K, 0% used [0x00000000eb680000,0x00000000eb680000,0x00000000eba00000)
 ParOldGen       total 68608K, used 65319K [0x00000000c0000000, 0x00000000c4300000, 0x00000000eab00000)
  object space 68608K, 95% used [0x00000000c0000000,0x00000000c3fc9d40,0x00000000c4300000)
 Metaspace       used 55939K, committed 57216K, reserved 1114112K
  class space    used 5948K, committed 6464K, reserved 1048576K
}
Event: 27.843 GC heap after
{Heap after GC invocations=51 (full 2):
 PSYoungGen      total 13824K, used 1569K [0x00000000eab00000, 0x00000000eba80000, 0x0000000100000000)
  eden space 11776K, 0% used [0x00000000eab00000,0x00000000eab00000,0x00000000eb680000)
  from space 2048K, 76% used [0x00000000eb680000,0x00000000eb808728,0x00000000eb880000)
  to   space 2048K, 0% used [0x00000000eb880000,0x00000000eb880000,0x00000000eba80000)
 ParOldGen       total 68608K, used 65735K [0x00000000c0000000, 0x00000000c4300000, 0x00000000eab00000)
  object space 68608K, 95% used [0x00000000c0000000,0x00000000c4031cf0,0x00000000c4300000)
 Metaspace       used 55939K, committed 57216K, reserved 1114112K
  class space    used 5948K, committed 6464K, reserved 1048576K
}
Event: 27.943 GC heap before
{Heap before GC invocations=52 (full 2):
 PSYoungGen      total 13824K, used 13345K [0x00000000eab00000, 0x00000000eba80000, 0x0000000100000000)
  eden space 11776K, 100% used [0x00000000eab00000,0x00000000eb680000,0x00000000eb680000)
  from space 2048K, 76% used [0x00000000eb680000,0x00000000eb808728,0x00000000eb880000)
  to   space 2048K, 0% used [0x00000000eb880000,0x00000000eb880000,0x00000000eba80000)
 ParOldGen       total 68608K, used 65735K [0x00000000c0000000, 0x00000000c4300000, 0x00000000eab00000)
  object space 68608K, 95% used [0x00000000c0000000,0x00000000c4031cf0,0x00000000c4300000)
 Metaspace       used 55963K, committed 57216K, reserved 1114112K
  class space    used 5948K, committed 6464K, reserved 1048576K
}
Event: 27.945 GC heap after
{Heap after GC invocations=52 (full 2):
 PSYoungGen      total 12800K, used 521K [0x00000000eab00000, 0x00000000eb980000, 0x0000000100000000)
  eden space 11776K, 0% used [0x00000000eab00000,0x00000000eab00000,0x00000000eb680000)
  from space 1024K, 50% used [0x00000000eb880000,0x00000000eb9024d0,0x00000000eb980000)
  to   space 1024K, 0% used [0x00000000eb780000,0x00000000eb780000,0x00000000eb880000)
 ParOldGen       total 68608K, used 66762K [0x00000000c0000000, 0x00000000c4300000, 0x00000000eab00000)
  object space 68608K, 97% used [0x00000000c0000000,0x00000000c41328e0,0x00000000c4300000)
 Metaspace       used 55963K, committed 57216K, reserved 1114112K
  class space    used 5948K, committed 6464K, reserved 1048576K
}
Event: 28.010 GC heap before
{Heap before GC invocations=53 (full 2):
 PSYoungGen      total 12800K, used 12144K [0x00000000eab00000, 0x00000000eb980000, 0x0000000100000000)
  eden space 11776K, 98% used [0x00000000eab00000,0x00000000eb659d08,0x00000000eb680000)
  from space 1024K, 50% used [0x00000000eb880000,0x00000000eb9024d0,0x00000000eb980000)
  to   space 1024K, 0% used [0x00000000eb780000,0x00000000eb780000,0x00000000eb880000)
 ParOldGen       total 68608K, used 66762K [0x00000000c0000000, 0x00000000c4300000, 0x00000000eab00000)
  object space 68608K, 97% used [0x00000000c0000000,0x00000000c41328e0,0x00000000c4300000)
 Metaspace       used 55965K, committed 57216K, reserved 1114112K
  class space    used 5948K, committed 6464K, reserved 1048576K
}
Event: 28.012 GC heap after
{Heap after GC invocations=53 (full 2):
 PSYoungGen      total 12800K, used 937K [0x00000000eab00000, 0x00000000eb900000, 0x0000000100000000)
  eden space 11776K, 0% used [0x00000000eab00000,0x00000000eab00000,0x00000000eb680000)
  from space 1024K, 91% used [0x00000000eb780000,0x00000000eb86a548,0x00000000eb880000)
  to   space 512K, 0% used [0x00000000eb880000,0x00000000eb880000,0x00000000eb900000)
 ParOldGen       total 68608K, used 66786K [0x00000000c0000000, 0x00000000c4300000, 0x00000000eab00000)
  object space 68608K, 97% used [0x00000000c0000000,0x00000000c41388e0,0x00000000c4300000)
 Metaspace       used 55965K, committed 57216K, reserved 1114112K
  class space    used 5948K, committed 6464K, reserved 1048576K
}
Event: 28.202 GC heap before
{Heap before GC invocations=54 (full 2):
 PSYoungGen      total 12800K, used 12713K [0x00000000eab00000, 0x00000000eb900000, 0x0000000100000000)
  eden space 11776K, 100% used [0x00000000eab00000,0x00000000eb680000,0x00000000eb680000)
  from space 1024K, 91% used [0x00000000eb780000,0x00000000eb86a548,0x00000000eb880000)
  to   space 512K, 0% used [0x00000000eb880000,0x00000000eb880000,0x00000000eb900000)
 ParOldGen       total 68608K, used 66786K [0x00000000c0000000, 0x00000000c4300000, 0x00000000eab00000)
  object space 68608K, 97% used [0x00000000c0000000,0x00000000c41388e0,0x00000000c4300000)
 Metaspace       used 57171K, committed 58496K, reserved 1114112K
  class space    used 6058K, committed 6656K, reserved 1048576K
}
Event: 28.203 GC heap after
{Heap after GC invocations=54 (full 2):
 PSYoungGen      total 12288K, used 288K [0x00000000eab00000, 0x00000000eb900000, 0x0000000100000000)
  eden space 11776K, 0% used [0x00000000eab00000,0x00000000eab00000,0x00000000eb680000)
  from space 512K, 56% used [0x00000000eb880000,0x00000000eb8c8000,0x00000000eb900000)
  to   space 1024K, 0% used [0x00000000eb700000,0x00000000eb700000,0x00000000eb800000)
 ParOldGen       total 68608K, used 66827K [0x00000000c0000000, 0x00000000c4300000, 0x00000000eab00000)
  object space 68608K, 97% used [0x00000000c0000000,0x00000000c4142d80,0x00000000c4300000)
 Metaspace       used 57171K, committed 58496K, reserved 1114112K
  class space    used 6058K, committed 6656K, reserved 1048576K
}
Event: 28.500 GC heap before
{Heap before GC invocations=55 (full 2):
 PSYoungGen      total 12288K, used 12064K [0x00000000eab00000, 0x00000000eb900000, 0x0000000100000000)
  eden space 11776K, 100% used [0x00000000eab00000,0x00000000eb680000,0x00000000eb680000)
  from space 512K, 56% used [0x00000000eb880000,0x00000000eb8c8000,0x00000000eb900000)
  to   space 1024K, 0% used [0x00000000eb700000,0x00000000eb700000,0x00000000eb800000)
 ParOldGen       total 68608K, used 66827K [0x00000000c0000000, 0x00000000c4300000, 0x00000000eab00000)
  object space 68608K, 97% used [0x00000000c0000000,0x00000000c4142d80,0x00000000c4300000)
 Metaspace       used 57419K, committed 58688K, reserved 1114112K
  class space    used 6112K, committed 6656K, reserved 1048576K
}
Event: 28.501 GC heap after
{Heap after GC invocations=55 (full 2):
 PSYoungGen      total 12800K, used 576K [0x00000000eab00000, 0x00000000eb900000, 0x0000000100000000)
  eden space 11776K, 0% used [0x00000000eab00000,0x00000000eab00000,0x00000000eb680000)
  from space 1024K, 56% used [0x00000000eb700000,0x00000000eb790010,0x00000000eb800000)
  to   space 1024K, 0% used [0x00000000eb800000,0x00000000eb800000,0x00000000eb900000)
 ParOldGen       total 68608K, used 67076K [0x00000000c0000000, 0x00000000c4300000, 0x00000000eab00000)
  object space 68608K, 97% used [0x00000000c0000000,0x00000000c41812a0,0x00000000c4300000)
 Metaspace       used 57419K, committed 58688K, reserved 1114112K
  class space    used 6112K, committed 6656K, reserved 1048576K
}
Event: 28.845 GC heap before
{Heap before GC invocations=56 (full 2):
 PSYoungGen      total 12800K, used 12352K [0x00000000eab00000, 0x00000000eb900000, 0x0000000100000000)
  eden space 11776K, 100% used [0x00000000eab00000,0x00000000eb680000,0x00000000eb680000)
  from space 1024K, 56% used [0x00000000eb700000,0x00000000eb790010,0x00000000eb800000)
  to   space 1024K, 0% used [0x00000000eb800000,0x00000000eb800000,0x00000000eb900000)
 ParOldGen       total 68608K, used 67076K [0x00000000c0000000, 0x00000000c4300000, 0x00000000eab00000)
  object space 68608K, 97% used [0x00000000c0000000,0x00000000c41812a0,0x00000000c4300000)
 Metaspace       used 57990K, committed 59328K, reserved 1114112K
  class space    used 6160K, committed 6720K, reserved 1048576K
}
Event: 28.846 GC heap after
{Heap after GC invocations=56 (full 2):
 PSYoungGen      total 12800K, used 694K [0x00000000eab00000, 0x00000000eb900000, 0x0000000100000000)
  eden space 11776K, 0% used [0x00000000eab00000,0x00000000eab00000,0x00000000eb680000)
  from space 1024K, 67% used [0x00000000eb800000,0x00000000eb8ad808,0x00000000eb900000)
  to   space 1024K, 0% used [0x00000000eb700000,0x00000000eb700000,0x00000000eb800000)
 ParOldGen       total 68608K, used 67498K [0x00000000c0000000, 0x00000000c4300000, 0x00000000eab00000)
  object space 68608K, 98% used [0x00000000c0000000,0x00000000c41eaa50,0x00000000c4300000)
 Metaspace       used 57990K, committed 59328K, reserved 1114112K
  class space    used 6160K, committed 6720K, reserved 1048576K
}
Event: 29.124 GC heap before
{Heap before GC invocations=57 (full 2):
 PSYoungGen      total 12800K, used 11957K [0x00000000eab00000, 0x00000000eb900000, 0x0000000100000000)
  eden space 11776K, 95% used [0x00000000eab00000,0x00000000eb5ffc60,0x00000000eb680000)
  from space 1024K, 67% used [0x00000000eb800000,0x00000000eb8ad808,0x00000000eb900000)
  to   space 1024K, 0% used [0x00000000eb700000,0x00000000eb700000,0x00000000eb800000)
 ParOldGen       total 68608K, used 67498K [0x00000000c0000000, 0x00000000c4300000, 0x00000000eab00000)
  object space 68608K, 98% used [0x00000000c0000000,0x00000000c41eaa50,0x00000000c4300000)
 Metaspace       used 58480K, committed 59776K, reserved 1114112K
  class space    used 6203K, committed 6784K, reserved 1048576K
}
Event: 29.126 GC heap after
{Heap after GC invocations=57 (full 2):
 PSYoungGen      total 12800K, used 1010K [0x00000000eab00000, 0x00000000eba80000, 0x0000000100000000)
  eden space 11776K, 0% used [0x00000000eab00000,0x00000000eab00000,0x00000000eb680000)
  from space 1024K, 98% used [0x00000000eb700000,0x00000000eb7fc858,0x00000000eb800000)
  to   space 2048K, 0% used [0x00000000eb880000,0x00000000eb880000,0x00000000eba80000)
 ParOldGen       total 68608K, used 68224K [0x00000000c0000000, 0x00000000c4300000, 0x00000000eab00000)
  object space 68608K, 99% used [0x00000000c0000000,0x00000000c42a01f8,0x00000000c4300000)
 Metaspace       used 58480K, committed 59776K, reserved 1114112K
  class space    used 6203K, committed 6784K, reserved 1048576K
}
Event: 29.126 GC heap before
{Heap before GC invocations=58 (full 3):
 PSYoungGen      total 12800K, used 1010K [0x00000000eab00000, 0x00000000eba80000, 0x0000000100000000)
  eden space 11776K, 0% used [0x00000000eab00000,0x00000000eab00000,0x00000000eb680000)
  from space 1024K, 98% used [0x00000000eb700000,0x00000000eb7fc858,0x00000000eb800000)
  to   space 2048K, 0% used [0x00000000eb880000,0x00000000eb880000,0x00000000eba80000)
 ParOldGen       total 68608K, used 68224K [0x00000000c0000000, 0x00000000c4300000, 0x00000000eab00000)
  object space 68608K, 99% used [0x00000000c0000000,0x00000000c42a01f8,0x00000000c4300000)
 Metaspace       used 58480K, committed 59776K, reserved 1114112K
  class space    used 6203K, committed 6784K, reserved 1048576K
}
Event: 29.261 GC heap after
{Heap after GC invocations=58 (full 3):
 PSYoungGen      total 12800K, used 0K [0x00000000eab00000, 0x00000000eba80000, 0x0000000100000000)
  eden space 11776K, 0% used [0x00000000eab00000,0x00000000eab00000,0x00000000eb680000)
  from space 1024K, 0% used [0x00000000eb700000,0x00000000eb700000,0x00000000eb800000)
  to   space 2048K, 0% used [0x00000000eb880000,0x00000000eb880000,0x00000000eba80000)
 ParOldGen       total 68608K, used 61552K [0x00000000c0000000, 0x00000000c4300000, 0x00000000eab00000)
  object space 68608K, 89% used [0x00000000c0000000,0x00000000c3c1c318,0x00000000c4300000)
 Metaspace       used 58480K, committed 59776K, reserved 1114112K
  class space    used 6203K, committed 6784K, reserved 1048576K
}

